

Started GET "/" for ::1 at 2015-12-15 16:09:06 -0500

ActiveRecord::NoDatabaseError (FATAL:  database "todoapp_development" does not exist
):
  activerecord (4.2.3) lib/active_record/connection_adapters/postgresql_adapter.rb:665:in `rescue in connect'
  activerecord (4.2.3) lib/active_record/connection_adapters/postgresql_adapter.rb:655:in `connect'
  activerecord (4.2.3) lib/active_record/connection_adapters/postgresql_adapter.rb:242:in `initialize'
  activerecord (4.2.3) lib/active_record/connection_adapters/postgresql_adapter.rb:44:in `new'
  activerecord (4.2.3) lib/active_record/connection_adapters/postgresql_adapter.rb:44:in `postgresql_connection'
  activerecord (4.2.3) lib/active_record/connection_adapters/abstract/connection_pool.rb:438:in `new_connection'
  activerecord (4.2.3) lib/active_record/connection_adapters/abstract/connection_pool.rb:448:in `checkout_new_connection'
  activerecord (4.2.3) lib/active_record/connection_adapters/abstract/connection_pool.rb:422:in `acquire_connection'
  activerecord (4.2.3) lib/active_record/connection_adapters/abstract/connection_pool.rb:349:in `block in checkout'
  /Users/josx/.rvm/rubies/ruby-2.2.0/lib/ruby/2.2.0/monitor.rb:211:in `mon_synchronize'
  activerecord (4.2.3) lib/active_record/connection_adapters/abstract/connection_pool.rb:348:in `checkout'
  activerecord (4.2.3) lib/active_record/connection_adapters/abstract/connection_pool.rb:263:in `block in connection'
  /Users/josx/.rvm/rubies/ruby-2.2.0/lib/ruby/2.2.0/monitor.rb:211:in `mon_synchronize'
  activerecord (4.2.3) lib/active_record/connection_adapters/abstract/connection_pool.rb:262:in `connection'
  activerecord (4.2.3) lib/active_record/connection_adapters/abstract/connection_pool.rb:571:in `retrieve_connection'
  activerecord (4.2.3) lib/active_record/connection_handling.rb:113:in `retrieve_connection'
  activerecord (4.2.3) lib/active_record/connection_handling.rb:87:in `connection'
  activerecord (4.2.3) lib/active_record/migration.rb:383:in `connection'
  activerecord (4.2.3) lib/active_record/migration.rb:370:in `call'
  actionpack (4.2.3) lib/action_dispatch/middleware/callbacks.rb:29:in `block in call'
  activesupport (4.2.3) lib/active_support/callbacks.rb:84:in `run_callbacks'
  actionpack (4.2.3) lib/action_dispatch/middleware/callbacks.rb:27:in `call'
  actionpack (4.2.3) lib/action_dispatch/middleware/reloader.rb:73:in `call'
  actionpack (4.2.3) lib/action_dispatch/middleware/remote_ip.rb:78:in `call'
  actionpack (4.2.3) lib/action_dispatch/middleware/debug_exceptions.rb:17:in `call'
  web-console (2.2.1) lib/web_console/middleware.rb:39:in `call'
  actionpack (4.2.3) lib/action_dispatch/middleware/show_exceptions.rb:30:in `call'
  railties (4.2.3) lib/rails/rack/logger.rb:38:in `call_app'
  railties (4.2.3) lib/rails/rack/logger.rb:20:in `block in call'
  activesupport (4.2.3) lib/active_support/tagged_logging.rb:68:in `block in tagged'
  activesupport (4.2.3) lib/active_support/tagged_logging.rb:26:in `tagged'
  activesupport (4.2.3) lib/active_support/tagged_logging.rb:68:in `tagged'
  railties (4.2.3) lib/rails/rack/logger.rb:20:in `call'
  actionpack (4.2.3) lib/action_dispatch/middleware/request_id.rb:21:in `call'
  rack (1.6.4) lib/rack/methodoverride.rb:22:in `call'
  rack (1.6.4) lib/rack/runtime.rb:18:in `call'
  activesupport (4.2.3) lib/active_support/cache/strategy/local_cache_middleware.rb:28:in `call'
  rack (1.6.4) lib/rack/lock.rb:17:in `call'
  actionpack (4.2.3) lib/action_dispatch/middleware/static.rb:116:in `call'
  rack (1.6.4) lib/rack/sendfile.rb:113:in `call'
  railties (4.2.3) lib/rails/engine.rb:518:in `call'
  railties (4.2.3) lib/rails/application.rb:165:in `call'
  rack (1.6.4) lib/rack/lock.rb:17:in `call'
  rack (1.6.4) lib/rack/content_length.rb:15:in `call'
  rack (1.6.4) lib/rack/handler/webrick.rb:88:in `service'
  /Users/josx/.rvm/rubies/ruby-2.2.0/lib/ruby/2.2.0/webrick/httpserver.rb:138:in `service'
  /Users/josx/.rvm/rubies/ruby-2.2.0/lib/ruby/2.2.0/webrick/httpserver.rb:94:in `run'
  /Users/josx/.rvm/rubies/ruby-2.2.0/lib/ruby/2.2.0/webrick/server.rb:294:in `block in start_thread'


  Rendered /Users/josx/.rvm/rubies/ruby-2.2.0/lib/ruby/gems/2.2.0/gems/actionpack-4.2.3/lib/action_dispatch/middleware/templates/rescues/_source.erb (3.0ms)
  Rendered /Users/josx/.rvm/rubies/ruby-2.2.0/lib/ruby/gems/2.2.0/gems/actionpack-4.2.3/lib/action_dispatch/middleware/templates/rescues/_trace.html.erb (1.6ms)
  Rendered /Users/josx/.rvm/rubies/ruby-2.2.0/lib/ruby/gems/2.2.0/gems/actionpack-4.2.3/lib/action_dispatch/middleware/templates/rescues/_request_and_response.html.erb (6.8ms)
  Rendered /Users/josx/.rvm/rubies/ruby-2.2.0/lib/ruby/gems/2.2.0/gems/actionpack-4.2.3/lib/action_dispatch/middleware/templates/rescues/diagnostics.html.erb within rescues/layout (62.1ms)
  Rendered /Users/josx/.rvm/rubies/ruby-2.2.0/lib/ruby/gems/2.2.0/gems/web-console-2.2.1/lib/web_console/templates/_markup.html.erb (0.7ms)
  Rendered /Users/josx/.rvm/rubies/ruby-2.2.0/lib/ruby/gems/2.2.0/gems/web-console-2.2.1/lib/web_console/templates/_inner_console_markup.html.erb within layouts/inlined_string (0.3ms)
  Rendered /Users/josx/.rvm/rubies/ruby-2.2.0/lib/ruby/gems/2.2.0/gems/web-console-2.2.1/lib/web_console/templates/_prompt_box_markup.html.erb within layouts/inlined_string (0.3ms)
  Rendered /Users/josx/.rvm/rubies/ruby-2.2.0/lib/ruby/gems/2.2.0/gems/web-console-2.2.1/lib/web_console/templates/style.css.erb within layouts/inlined_string (0.5ms)
  Rendered /Users/josx/.rvm/rubies/ruby-2.2.0/lib/ruby/gems/2.2.0/gems/web-console-2.2.1/lib/web_console/templates/console.js.erb within layouts/javascript (49.3ms)
  Rendered /Users/josx/.rvm/rubies/ruby-2.2.0/lib/ruby/gems/2.2.0/gems/web-console-2.2.1/lib/web_console/templates/main.js.erb within layouts/javascript (1.2ms)
  Rendered /Users/josx/.rvm/rubies/ruby-2.2.0/lib/ruby/gems/2.2.0/gems/web-console-2.2.1/lib/web_console/templates/error_page.js.erb within layouts/javascript (0.4ms)
  Rendered /Users/josx/.rvm/rubies/ruby-2.2.0/lib/ruby/gems/2.2.0/gems/web-console-2.2.1/lib/web_console/templates/index.html.erb (122.0ms)
  [1m[36m (1.1ms)[0m  [1mDROP DATABASE IF EXISTS "todoapp_development"[0m
  [1m[35m (0.1ms)[0m  DROP DATABASE IF EXISTS "todoapp_test"
  [1m[36m (353.7ms)[0m  [1mCREATE DATABASE "todoapp_development" ENCODING = 'unicode'[0m
  [1m[35m (238.1ms)[0m  CREATE DATABASE "todoapp_test" ENCODING = 'unicode'
  [1m[36mSQL (4.8ms)[0m  [1mCREATE EXTENSION IF NOT EXISTS "plpgsql"[0m
  [1m[35m (33.1ms)[0m  CREATE TABLE "steps" ("id" serial primary key, "words" character varying NOT NULL, "done" boolean DEFAULT 'f', "todo_id" integer NOT NULL, "created_at" timestamp NOT NULL, "updated_at" timestamp NOT NULL) 
  [1m[36m (2.3ms)[0m  [1mCREATE TABLE "todos" ("id" serial primary key, "title" character varying NOT NULL, "body" text NOT NULL, "done" boolean DEFAULT 'f' NOT NULL, "created_at" timestamp NOT NULL, "updated_at" timestamp NOT NULL) [0m
  [1m[35m (13.8ms)[0m  CREATE TABLE "schema_migrations" ("version" character varying NOT NULL) 
  [1m[36m (0.8ms)[0m  [1mCREATE UNIQUE INDEX  "unique_schema_migrations" ON "schema_migrations"  ("version")[0m
  [1m[35m (0.2ms)[0m  SELECT version FROM "schema_migrations"
  [1m[36m (0.3ms)[0m  [1mINSERT INTO "schema_migrations" (version) VALUES ('20151110201607')[0m
  [1m[35m (0.2ms)[0m  INSERT INTO "schema_migrations" (version) VALUES ('20151110153731')
  [1m[36mSQL (0.2ms)[0m  [1mCREATE EXTENSION IF NOT EXISTS "plpgsql"[0m
  [1m[35m (5.4ms)[0m  CREATE TABLE "steps" ("id" serial primary key, "words" character varying NOT NULL, "done" boolean DEFAULT 'f', "todo_id" integer NOT NULL, "created_at" timestamp NOT NULL, "updated_at" timestamp NOT NULL) 
  [1m[36m (10.0ms)[0m  [1mCREATE TABLE "todos" ("id" serial primary key, "title" character varying NOT NULL, "body" text NOT NULL, "done" boolean DEFAULT 'f' NOT NULL, "created_at" timestamp NOT NULL, "updated_at" timestamp NOT NULL) [0m
  [1m[35m (1.3ms)[0m  CREATE TABLE "schema_migrations" ("version" character varying NOT NULL) 
  [1m[36m (0.7ms)[0m  [1mCREATE UNIQUE INDEX  "unique_schema_migrations" ON "schema_migrations"  ("version")[0m
  [1m[35m (0.2ms)[0m  SELECT version FROM "schema_migrations"
  [1m[36m (0.3ms)[0m  [1mINSERT INTO "schema_migrations" (version) VALUES ('20151110201607')[0m
  [1m[35m (0.2ms)[0m  INSERT INTO "schema_migrations" (version) VALUES ('20151110153731')
  [1m[36mActiveRecord::SchemaMigration Load (0.4ms)[0m  [1mSELECT "schema_migrations".* FROM "schema_migrations"[0m


Started GET "/" for ::1 at 2015-12-15 16:09:44 -0500
  [1m[36mActiveRecord::SchemaMigration Load (0.3ms)[0m  [1mSELECT "schema_migrations".* FROM "schema_migrations"[0m
Processing by StaticPagesController#root as HTML
  Rendered static_pages/root.html.erb within layouts/application (0.7ms)
Completed 200 OK in 2468ms (Views: 2460.1ms | ActiveRecord: 0.0ms)


Started GET "/assets/todos.self-e3b0c44298fc1c149afbf4c8996fb92427ae41e4649b934ca495991b7852b855.css?body=1" for ::1 at 2015-12-15 16:09:47 -0500


Started GET "/assets/application.self-e80e8f2318043e8af94dddc2adad5a4f09739a8ebb323b3ab31cd71d45fd9113.css?body=1" for ::1 at 2015-12-15 16:09:47 -0500


Started GET "/assets/jquery.self-a714331225dda820228db323939889f149aec0127aeb06255646b616ba1ca419.js?body=1" for ::1 at 2015-12-15 16:09:47 -0500


Started GET "/assets/jquery_ujs.self-d456baa54c1fa6be2ec3711f0a72ddf7a5b2f34a6b4f515f33767d6207b7d4b3.js?body=1" for ::1 at 2015-12-15 16:09:47 -0500


Started GET "/assets/turbolinks.self-c37727e9bd6b2735da5c311aa83fead54ed0be6cc8bd9a65309e9c5abe2cbfff.js?body=1" for ::1 at 2015-12-15 16:09:47 -0500


Started GET "/assets/development/react.self-93bc62cb6c7b74ee7e5a2fcf623f3abbd365440bf90eba740c625f159078aa82.js?body=1" for ::1 at 2015-12-15 16:09:47 -0500


Started GET "/assets/react_ujs.self-c42e5ee44bcda6910afca6fb40f99d9963074b3aefe72365ce90c24312e73b2b.js?body=1" for ::1 at 2015-12-15 16:09:47 -0500


Started GET "/assets/components/todo_list.self-60e1b8b89747bf82e7a1505db45016142b8764f49a95d3783f9c13d5657cf49b.js?body=1" for ::1 at 2015-12-15 16:09:47 -0500


Started GET "/assets/components.self-e3b0c44298fc1c149afbf4c8996fb92427ae41e4649b934ca495991b7852b855.js?body=1" for ::1 at 2015-12-15 16:09:47 -0500


Started GET "/assets/steps_store.self-788db65cc33958409c7a6484efe70e32cc1079d890046c26b0573a35ed0b7f70.js?body=1" for ::1 at 2015-12-15 16:09:47 -0500


Started GET "/assets/todo_store.self-76c956985ed9cf7795f24a683f14286d1fb6b3ebf7d074fd798bc7fb9dbde65e.js?body=1" for ::1 at 2015-12-15 16:09:47 -0500


Started GET "/assets/todos.self-877aef30ae1b040ab8a3aba4e3e309a11d7f2612f44dde450b5c157aa5f95c05.js?body=1" for ::1 at 2015-12-15 16:09:47 -0500


Started GET "/assets/application.self-44dc72337fbefc4f8c73fc8781b922cf9e4f99f8d068e6563c3820851d9390f6.js?body=1" for ::1 at 2015-12-15 16:09:47 -0500


Started GET "/api/todos" for ::1 at 2015-12-15 16:09:47 -0500
Processing by Api::TodosController#index as JSON
  [1m[35mTodo Load (0.4ms)[0m  SELECT "todos".* FROM "todos"
Completed 200 OK in 10ms (Views: 0.1ms | ActiveRecord: 1.0ms)


Started POST "/api/todos" for ::1 at 2015-12-15 16:09:58 -0500
Processing by Api::TodosController#create as JSON
  Parameters: {"todo"=>{"title"=>"cookied", "body"=>"eat", "done"=>"false"}}
  [1m[36m (0.1ms)[0m  [1mBEGIN[0m
  [1m[35mSQL (0.3ms)[0m  INSERT INTO "todos" ("title", "body", "created_at", "updated_at") VALUES ($1, $2, $3, $4) RETURNING "id"  [["title", "cookied"], ["body", "eat"], ["created_at", "2015-12-15 21:09:58.350734"], ["updated_at", "2015-12-15 21:09:58.350734"]]
  [1m[36m (6.2ms)[0m  [1mCOMMIT[0m
Completed 200 OK in 25ms (Views: 0.4ms | ActiveRecord: 8.7ms)


Started GET "/" for ::1 at 2015-12-15 16:09:58 -0500
Processing by StaticPagesController#root as HTML
  Rendered static_pages/root.html.erb within layouts/application (0.0ms)
Completed 200 OK in 42ms (Views: 41.8ms | ActiveRecord: 0.0ms)


Started GET "/api/todos" for ::1 at 2015-12-15 16:09:58 -0500
Processing by Api::TodosController#index as JSON
  [1m[35mTodo Load (0.2ms)[0m  SELECT "todos".* FROM "todos"
Completed 200 OK in 2ms (Views: 0.1ms | ActiveRecord: 0.2ms)


Started PATCH "/api/todos/1" for ::1 at 2015-12-15 16:10:00 -0500
Processing by Api::TodosController#update as JSON
  Parameters: {"todo"=>{"id"=>"1", "title"=>"cookied", "body"=>"eat", "done"=>"true", "created_at"=>"2015-12-15T21:09:58.350Z", "updated_at"=>"2015-12-15T21:09:58.350Z"}, "id"=>"1"}
  [1m[36mTodo Load (0.3ms)[0m  [1mSELECT  "todos".* FROM "todos" WHERE "todos"."id" = $1 LIMIT 1[0m  [["id", 1]]
Unpermitted parameters: id, created_at, updated_at
  [1m[35m (0.1ms)[0m  BEGIN
  [1m[36mSQL (0.2ms)[0m  [1mUPDATE "todos" SET "done" = $1, "updated_at" = $2 WHERE "todos"."id" = $3[0m  [["done", "t"], ["updated_at", "2015-12-15 21:10:00.745547"], ["id", 1]]
  [1m[35m (6.0ms)[0m  COMMIT
Completed 200 OK in 23ms (Views: 0.4ms | ActiveRecord: 6.5ms)


Started PATCH "/api/todos/1" for ::1 at 2015-12-15 16:10:02 -0500
Processing by Api::TodosController#update as JSON
  Parameters: {"todo"=>{"id"=>"1", "title"=>"cookied", "body"=>"eat", "done"=>"false", "created_at"=>"2015-12-15T21:09:58.350Z", "updated_at"=>"2015-12-15T21:09:58.350Z"}, "id"=>"1"}
  [1m[36mTodo Load (0.4ms)[0m  [1mSELECT  "todos".* FROM "todos" WHERE "todos"."id" = $1 LIMIT 1[0m  [["id", 1]]
Unpermitted parameters: id, created_at, updated_at
  [1m[35m (0.1ms)[0m  BEGIN
  [1m[36mSQL (0.2ms)[0m  [1mUPDATE "todos" SET "done" = $1, "updated_at" = $2 WHERE "todos"."id" = $3[0m  [["done", "f"], ["updated_at", "2015-12-15 21:10:02.090474"], ["id", 1]]
  [1m[35m (0.3ms)[0m  COMMIT
Completed 200 OK in 4ms (Views: 0.2ms | ActiveRecord: 1.0ms)


Started POST "/api/todos" for ::1 at 2015-12-15 16:10:08 -0500
Processing by Api::TodosController#create as JSON
  Parameters: {"todo"=>{"title"=>"more cookies", "body"=>"eat", "done"=>"false"}}
  [1m[36m (0.1ms)[0m  [1mBEGIN[0m
  [1m[35mSQL (0.1ms)[0m  INSERT INTO "todos" ("title", "body", "created_at", "updated_at") VALUES ($1, $2, $3, $4) RETURNING "id"  [["title", "more cookies"], ["body", "eat"], ["created_at", "2015-12-15 21:10:08.378526"], ["updated_at", "2015-12-15 21:10:08.378526"]]
  [1m[36m (0.2ms)[0m  [1mCOMMIT[0m
Completed 200 OK in 2ms (Views: 0.2ms | ActiveRecord: 0.4ms)


Started GET "/" for ::1 at 2015-12-15 16:10:08 -0500
Processing by StaticPagesController#root as HTML
  Rendered static_pages/root.html.erb within layouts/application (0.0ms)
Completed 200 OK in 44ms (Views: 43.3ms | ActiveRecord: 0.0ms)


Started GET "/api/todos" for ::1 at 2015-12-15 16:10:08 -0500
Processing by Api::TodosController#index as JSON
  [1m[35mTodo Load (0.2ms)[0m  SELECT "todos".* FROM "todos"
Completed 200 OK in 2ms (Views: 0.1ms | ActiveRecord: 0.2ms)


Started PATCH "/api/todos/2" for ::1 at 2015-12-15 16:10:09 -0500
Processing by Api::TodosController#update as JSON
  Parameters: {"todo"=>{"id"=>"2", "title"=>"more cookies", "body"=>"eat", "done"=>"true", "created_at"=>"2015-12-15T21:10:08.378Z", "updated_at"=>"2015-12-15T21:10:08.378Z"}, "id"=>"2"}
  [1m[36mTodo Load (0.2ms)[0m  [1mSELECT  "todos".* FROM "todos" WHERE "todos"."id" = $1 LIMIT 1[0m  [["id", 2]]
Unpermitted parameters: id, created_at, updated_at
  [1m[35m (0.1ms)[0m  BEGIN
  [1m[36mSQL (0.2ms)[0m  [1mUPDATE "todos" SET "done" = $1, "updated_at" = $2 WHERE "todos"."id" = $3[0m  [["done", "t"], ["updated_at", "2015-12-15 21:10:09.941237"], ["id", 2]]
  [1m[35m (0.8ms)[0m  COMMIT
Completed 200 OK in 4ms (Views: 0.2ms | ActiveRecord: 1.2ms)


Started GET "/" for ::1 at 2015-12-15 16:10:11 -0500
Processing by StaticPagesController#root as HTML
  Rendered static_pages/root.html.erb within layouts/application (0.0ms)
Completed 200 OK in 45ms (Views: 44.8ms | ActiveRecord: 0.0ms)


Started GET "/assets/todos.self-e3b0c44298fc1c149afbf4c8996fb92427ae41e4649b934ca495991b7852b855.css?body=1" for ::1 at 2015-12-15 16:10:11 -0500


Started GET "/assets/application.self-e80e8f2318043e8af94dddc2adad5a4f09739a8ebb323b3ab31cd71d45fd9113.css?body=1" for ::1 at 2015-12-15 16:10:11 -0500


Started GET "/assets/jquery.self-a714331225dda820228db323939889f149aec0127aeb06255646b616ba1ca419.js?body=1" for ::1 at 2015-12-15 16:10:11 -0500


Started GET "/assets/turbolinks.self-c37727e9bd6b2735da5c311aa83fead54ed0be6cc8bd9a65309e9c5abe2cbfff.js?body=1" for ::1 at 2015-12-15 16:10:11 -0500


Started GET "/assets/jquery_ujs.self-d456baa54c1fa6be2ec3711f0a72ddf7a5b2f34a6b4f515f33767d6207b7d4b3.js?body=1" for ::1 at 2015-12-15 16:10:11 -0500


Started GET "/assets/development/react.self-93bc62cb6c7b74ee7e5a2fcf623f3abbd365440bf90eba740c625f159078aa82.js?body=1" for ::1 at 2015-12-15 16:10:11 -0500


Started GET "/assets/react_ujs.self-c42e5ee44bcda6910afca6fb40f99d9963074b3aefe72365ce90c24312e73b2b.js?body=1" for ::1 at 2015-12-15 16:10:11 -0500


Started GET "/assets/components.self-e3b0c44298fc1c149afbf4c8996fb92427ae41e4649b934ca495991b7852b855.js?body=1" for ::1 at 2015-12-15 16:10:11 -0500


Started GET "/assets/components/todo_list.self-60e1b8b89747bf82e7a1505db45016142b8764f49a95d3783f9c13d5657cf49b.js?body=1" for ::1 at 2015-12-15 16:10:11 -0500


Started GET "/assets/steps_store.self-788db65cc33958409c7a6484efe70e32cc1079d890046c26b0573a35ed0b7f70.js?body=1" for ::1 at 2015-12-15 16:10:11 -0500


Started GET "/assets/todo_store.self-76c956985ed9cf7795f24a683f14286d1fb6b3ebf7d074fd798bc7fb9dbde65e.js?body=1" for ::1 at 2015-12-15 16:10:11 -0500


Started GET "/assets/todos.self-877aef30ae1b040ab8a3aba4e3e309a11d7f2612f44dde450b5c157aa5f95c05.js?body=1" for ::1 at 2015-12-15 16:10:11 -0500


Started GET "/assets/application.self-44dc72337fbefc4f8c73fc8781b922cf9e4f99f8d068e6563c3820851d9390f6.js?body=1" for ::1 at 2015-12-15 16:10:11 -0500


Started GET "/api/todos" for ::1 at 2015-12-15 16:10:11 -0500
Processing by Api::TodosController#index as JSON
  [1m[36mTodo Load (0.2ms)[0m  [1mSELECT "todos".* FROM "todos"[0m
Completed 200 OK in 2ms (Views: 0.1ms | ActiveRecord: 0.2ms)


Started PATCH "/api/todos/1" for ::1 at 2015-12-15 16:10:13 -0500
Processing by Api::TodosController#update as JSON
  Parameters: {"todo"=>{"id"=>"1", "title"=>"cookied", "body"=>"eat", "done"=>"true", "created_at"=>"2015-12-15T21:09:58.350Z", "updated_at"=>"2015-12-15T21:10:02.090Z"}, "id"=>"1"}
  [1m[35mTodo Load (0.2ms)[0m  SELECT  "todos".* FROM "todos" WHERE "todos"."id" = $1 LIMIT 1  [["id", 1]]
Unpermitted parameters: id, created_at, updated_at
  [1m[36m (0.1ms)[0m  [1mBEGIN[0m
  [1m[35mSQL (0.2ms)[0m  UPDATE "todos" SET "done" = $1, "updated_at" = $2 WHERE "todos"."id" = $3  [["done", "t"], ["updated_at", "2015-12-15 21:10:13.636188"], ["id", 1]]
  [1m[36m (0.7ms)[0m  [1mCOMMIT[0m
Completed 200 OK in 3ms (Views: 0.2ms | ActiveRecord: 1.1ms)


Started GET "/" for ::1 at 2015-12-15 16:10:14 -0500
Processing by StaticPagesController#root as HTML
  Rendered static_pages/root.html.erb within layouts/application (0.1ms)
Completed 200 OK in 47ms (Views: 46.7ms | ActiveRecord: 0.0ms)


Started GET "/assets/todos.self-e3b0c44298fc1c149afbf4c8996fb92427ae41e4649b934ca495991b7852b855.css?body=1" for ::1 at 2015-12-15 16:10:14 -0500


Started GET "/assets/jquery.self-a714331225dda820228db323939889f149aec0127aeb06255646b616ba1ca419.js?body=1" for ::1 at 2015-12-15 16:10:14 -0500


Started GET "/assets/application.self-e80e8f2318043e8af94dddc2adad5a4f09739a8ebb323b3ab31cd71d45fd9113.css?body=1" for ::1 at 2015-12-15 16:10:14 -0500


Started GET "/assets/development/react.self-93bc62cb6c7b74ee7e5a2fcf623f3abbd365440bf90eba740c625f159078aa82.js?body=1" for ::1 at 2015-12-15 16:10:14 -0500


Started GET "/assets/turbolinks.self-c37727e9bd6b2735da5c311aa83fead54ed0be6cc8bd9a65309e9c5abe2cbfff.js?body=1" for ::1 at 2015-12-15 16:10:14 -0500


Started GET "/assets/jquery_ujs.self-d456baa54c1fa6be2ec3711f0a72ddf7a5b2f34a6b4f515f33767d6207b7d4b3.js?body=1" for ::1 at 2015-12-15 16:10:14 -0500


Started GET "/assets/react_ujs.self-c42e5ee44bcda6910afca6fb40f99d9963074b3aefe72365ce90c24312e73b2b.js?body=1" for ::1 at 2015-12-15 16:10:14 -0500


Started GET "/assets/components/todo_list.self-60e1b8b89747bf82e7a1505db45016142b8764f49a95d3783f9c13d5657cf49b.js?body=1" for ::1 at 2015-12-15 16:10:14 -0500


Started GET "/assets/components.self-e3b0c44298fc1c149afbf4c8996fb92427ae41e4649b934ca495991b7852b855.js?body=1" for ::1 at 2015-12-15 16:10:14 -0500


Started GET "/assets/steps_store.self-788db65cc33958409c7a6484efe70e32cc1079d890046c26b0573a35ed0b7f70.js?body=1" for ::1 at 2015-12-15 16:10:14 -0500


Started GET "/assets/todo_store.self-76c956985ed9cf7795f24a683f14286d1fb6b3ebf7d074fd798bc7fb9dbde65e.js?body=1" for ::1 at 2015-12-15 16:10:14 -0500


Started GET "/assets/todos.self-877aef30ae1b040ab8a3aba4e3e309a11d7f2612f44dde450b5c157aa5f95c05.js?body=1" for ::1 at 2015-12-15 16:10:14 -0500


Started GET "/assets/application.self-44dc72337fbefc4f8c73fc8781b922cf9e4f99f8d068e6563c3820851d9390f6.js?body=1" for ::1 at 2015-12-15 16:10:14 -0500


Started GET "/api/todos" for ::1 at 2015-12-15 16:10:14 -0500
Processing by Api::TodosController#index as JSON
  [1m[35mTodo Load (0.2ms)[0m  SELECT "todos".* FROM "todos"
Completed 200 OK in 1ms (Views: 0.1ms | ActiveRecord: 0.2ms)


Started PATCH "/api/todos/2" for ::1 at 2015-12-15 16:10:15 -0500
Processing by Api::TodosController#update as JSON
  Parameters: {"todo"=>{"id"=>"2", "title"=>"more cookies", "body"=>"eat", "done"=>"false", "created_at"=>"2015-12-15T21:10:08.378Z", "updated_at"=>"2015-12-15T21:10:09.941Z"}, "id"=>"2"}
  [1m[36mTodo Load (0.2ms)[0m  [1mSELECT  "todos".* FROM "todos" WHERE "todos"."id" = $1 LIMIT 1[0m  [["id", 2]]
Unpermitted parameters: id, created_at, updated_at
  [1m[35m (0.1ms)[0m  BEGIN
  [1m[36mSQL (0.2ms)[0m  [1mUPDATE "todos" SET "done" = $1, "updated_at" = $2 WHERE "todos"."id" = $3[0m  [["done", "f"], ["updated_at", "2015-12-15 21:10:15.213975"], ["id", 2]]
  [1m[35m (0.2ms)[0m  COMMIT
Completed 200 OK in 3ms (Views: 0.3ms | ActiveRecord: 0.7ms)


Started GET "/" for ::1 at 2015-12-15 16:10:16 -0500
Processing by StaticPagesController#root as HTML
  Rendered static_pages/root.html.erb within layouts/application (0.0ms)
Completed 200 OK in 47ms (Views: 46.9ms | ActiveRecord: 0.0ms)


Started GET "/assets/jquery.self-a714331225dda820228db323939889f149aec0127aeb06255646b616ba1ca419.js?body=1" for ::1 at 2015-12-15 16:10:16 -0500


Started GET "/assets/todos.self-e3b0c44298fc1c149afbf4c8996fb92427ae41e4649b934ca495991b7852b855.css?body=1" for ::1 at 2015-12-15 16:10:16 -0500


Started GET "/assets/jquery_ujs.self-d456baa54c1fa6be2ec3711f0a72ddf7a5b2f34a6b4f515f33767d6207b7d4b3.js?body=1" for ::1 at 2015-12-15 16:10:16 -0500


Started GET "/assets/turbolinks.self-c37727e9bd6b2735da5c311aa83fead54ed0be6cc8bd9a65309e9c5abe2cbfff.js?body=1" for ::1 at 2015-12-15 16:10:16 -0500


Started GET "/assets/development/react.self-93bc62cb6c7b74ee7e5a2fcf623f3abbd365440bf90eba740c625f159078aa82.js?body=1" for ::1 at 2015-12-15 16:10:16 -0500


Started GET "/assets/application.self-e80e8f2318043e8af94dddc2adad5a4f09739a8ebb323b3ab31cd71d45fd9113.css?body=1" for ::1 at 2015-12-15 16:10:16 -0500


Started GET "/assets/react_ujs.self-c42e5ee44bcda6910afca6fb40f99d9963074b3aefe72365ce90c24312e73b2b.js?body=1" for ::1 at 2015-12-15 16:10:16 -0500


Started GET "/assets/components/todo_list.self-60e1b8b89747bf82e7a1505db45016142b8764f49a95d3783f9c13d5657cf49b.js?body=1" for ::1 at 2015-12-15 16:10:16 -0500


Started GET "/assets/components.self-e3b0c44298fc1c149afbf4c8996fb92427ae41e4649b934ca495991b7852b855.js?body=1" for ::1 at 2015-12-15 16:10:16 -0500


Started GET "/assets/steps_store.self-788db65cc33958409c7a6484efe70e32cc1079d890046c26b0573a35ed0b7f70.js?body=1" for ::1 at 2015-12-15 16:10:16 -0500


Started GET "/assets/todo_store.self-76c956985ed9cf7795f24a683f14286d1fb6b3ebf7d074fd798bc7fb9dbde65e.js?body=1" for ::1 at 2015-12-15 16:10:16 -0500


Started GET "/assets/todos.self-877aef30ae1b040ab8a3aba4e3e309a11d7f2612f44dde450b5c157aa5f95c05.js?body=1" for ::1 at 2015-12-15 16:10:16 -0500


Started GET "/assets/application.self-44dc72337fbefc4f8c73fc8781b922cf9e4f99f8d068e6563c3820851d9390f6.js?body=1" for ::1 at 2015-12-15 16:10:16 -0500


Started GET "/api/todos" for ::1 at 2015-12-15 16:10:16 -0500
Processing by Api::TodosController#index as JSON
  [1m[36mTodo Load (0.3ms)[0m  [1mSELECT "todos".* FROM "todos"[0m
Completed 200 OK in 2ms (Views: 0.1ms | ActiveRecord: 0.3ms)
